2005-01-30 02:27:54,617 - SimpleLog4JLogSystem initialized using logfile 'velocity.log'
2005-01-30 02:27:54,617 - ************************************************************** 
2005-01-30 02:27:54,617 - Starting Jakarta Velocity v1.4
2005-01-30 02:27:54,617 - RuntimeInstance initializing.
2005-01-30 02:27:54,617 - Default Properties File: org\apache\velocity\runtime\defaults\velocity.properties
2005-01-30 02:27:54,617 - Trying to use logger class org.apache.velocity.runtime.log.AvalonLogSystem
2005-01-30 02:27:54,617 - Couldn't find class org.apache.velocity.runtime.log.AvalonLogSystem or necessary supporting classes in classpath. Exception : java.lang.NoClassDefFoundError: org/apache/log/format/Formatter
2005-01-30 02:27:54,617 - Trying to use logger class org.apache.velocity.runtime.log.SimpleLog4JLogSystem
2005-01-30 02:27:54,617 - Using logger class org.apache.velocity.runtime.log.SimpleLog4JLogSystem
2005-01-30 02:27:54,627 - Default ResourceManager initializing. (class org.apache.velocity.runtime.resource.ResourceManagerImpl)
2005-01-30 02:27:54,637 - Resource Loader Instantiated: org.apache.velocity.runtime.resource.loader.FileResourceLoader
2005-01-30 02:27:54,637 - FileResourceLoader : initialization starting.
2005-01-30 02:27:54,637 - FileResourceLoader : adding path '.'
2005-01-30 02:27:54,637 - FileResourceLoader : initialization complete.
2005-01-30 02:27:54,637 - ResourceCache : initialized. (class org.apache.velocity.runtime.resource.ResourceCacheImpl)
2005-01-30 02:27:54,637 - Default ResourceManager initialization complete.
2005-01-30 02:27:54,647 - Loaded System Directive: org.apache.velocity.runtime.directive.Literal
2005-01-30 02:27:54,647 - Loaded System Directive: org.apache.velocity.runtime.directive.Macro
2005-01-30 02:27:54,657 - Loaded System Directive: org.apache.velocity.runtime.directive.Parse
2005-01-30 02:27:54,667 - Loaded System Directive: org.apache.velocity.runtime.directive.Include
2005-01-30 02:27:54,667 - Loaded System Directive: org.apache.velocity.runtime.directive.Foreach
2005-01-30 02:27:54,777 - Created: 20 parsers.
2005-01-30 02:27:54,807 - Velocimacro : initialization starting.
2005-01-30 02:27:54,807 - Velocimacro : adding VMs from VM library template : VM_global_library.vm
2005-01-30 02:27:54,817 - ResourceManager : unable to find resource 'VM_global_library.vm' in any resource loader.
2005-01-30 02:27:54,817 - Velocimacro : error using  VM library template VM_global_library.vm : org.apache.velocity.exception.ResourceNotFoundException: Unable to find resource 'VM_global_library.vm'
2005-01-30 02:27:54,817 - Velocimacro :  VM library template macro registration complete.
2005-01-30 02:27:54,817 - Velocimacro : allowInline = true : VMs can be defined inline in templates
2005-01-30 02:27:54,817 - Velocimacro : allowInlineToOverride = false : VMs defined inline may NOT replace previous VM definitions
2005-01-30 02:27:54,817 - Velocimacro : allowInlineLocal = false : VMs defined inline will be  global in scope if allowed.
2005-01-30 02:27:54,817 - Velocimacro : messages on  : VM system will output logging messages
2005-01-30 02:27:54,817 - Velocimacro : autoload off  : VM system will not automatically reload global library macros
2005-01-30 02:27:54,817 - Velocimacro : initialization complete.
2005-01-30 02:27:54,817 - Velocity successfully started.
2005-01-30 10:25:07,759 - SimpleLog4JLogSystem initialized using logfile 'velocity.log'
2005-01-30 10:25:07,849 - ************************************************************** 
2005-01-30 10:25:07,849 - Starting Jakarta Velocity v1.4
2005-01-30 10:25:07,849 - RuntimeInstance initializing.
2005-01-30 10:25:07,849 - Default Properties File: org\apache\velocity\runtime\defaults\velocity.properties
2005-01-30 10:25:07,849 - Trying to use logger class org.apache.velocity.runtime.log.AvalonLogSystem
2005-01-30 10:25:07,849 - Couldn't find class org.apache.velocity.runtime.log.AvalonLogSystem or necessary supporting classes in classpath. Exception : java.lang.NoClassDefFoundError: org/apache/log/format/Formatter
2005-01-30 10:25:07,849 - Trying to use logger class org.apache.velocity.runtime.log.SimpleLog4JLogSystem
2005-01-30 10:25:07,849 - Using logger class org.apache.velocity.runtime.log.SimpleLog4JLogSystem
2005-01-30 10:25:07,859 - Default ResourceManager initializing. (class org.apache.velocity.runtime.resource.ResourceManagerImpl)
2005-01-30 10:25:07,869 - Resource Loader Instantiated: org.apache.velocity.runtime.resource.loader.FileResourceLoader
2005-01-30 10:25:07,869 - FileResourceLoader : initialization starting.
2005-01-30 10:25:07,869 - FileResourceLoader : adding path '.'
2005-01-30 10:25:07,869 - FileResourceLoader : initialization complete.
2005-01-30 10:25:07,869 - ResourceCache : initialized. (class org.apache.velocity.runtime.resource.ResourceCacheImpl)
2005-01-30 10:25:07,869 - Default ResourceManager initialization complete.
2005-01-30 10:25:07,879 - Loaded System Directive: org.apache.velocity.runtime.directive.Literal
2005-01-30 10:25:07,889 - Loaded System Directive: org.apache.velocity.runtime.directive.Macro
2005-01-30 10:25:07,889 - Loaded System Directive: org.apache.velocity.runtime.directive.Parse
2005-01-30 10:25:07,899 - Loaded System Directive: org.apache.velocity.runtime.directive.Include
2005-01-30 10:25:07,899 - Loaded System Directive: org.apache.velocity.runtime.directive.Foreach
2005-01-30 10:25:08,230 - Created: 20 parsers.
2005-01-30 10:25:08,250 - Velocimacro : initialization starting.
2005-01-30 10:25:08,250 - Velocimacro : adding VMs from VM library template : VM_global_library.vm
2005-01-30 10:25:08,260 - ResourceManager : unable to find resource 'VM_global_library.vm' in any resource loader.
2005-01-30 10:25:08,260 - Velocimacro : error using  VM library template VM_global_library.vm : org.apache.velocity.exception.ResourceNotFoundException: Unable to find resource 'VM_global_library.vm'
2005-01-30 10:25:08,260 - Velocimacro :  VM library template macro registration complete.
2005-01-30 10:25:08,260 - Velocimacro : allowInline = true : VMs can be defined inline in templates
2005-01-30 10:25:08,260 - Velocimacro : allowInlineToOverride = false : VMs defined inline may NOT replace previous VM definitions
2005-01-30 10:25:08,260 - Velocimacro : allowInlineLocal = false : VMs defined inline will be  global in scope if allowed.
2005-01-30 10:25:08,260 - Velocimacro : messages on  : VM system will output logging messages
2005-01-30 10:25:08,260 - Velocimacro : autoload off  : VM system will not automatically reload global library macros
2005-01-30 10:25:08,260 - Velocimacro : initialization complete.
2005-01-30 10:25:08,260 - Velocity successfully started.
